#
# There is insufficient memory for the Java Runtime Environment to continue.
# Native memory allocation (malloc) failed to allocate 131088 bytes for Chunk::new
# Possible reasons:
#   The system is out of physical RAM or swap space
#   The process is running with CompressedOops enabled, and the Java Heap may be blocking the growth of the native heap
# Possible solutions:
#   Reduce memory load on the system
#   Increase physical memory or swap space
#   Check if swap backing store is full
#   Decrease Java heap size (-Xmx/-Xms)
#   Decrease number of Java threads
#   Decrease Java thread stack sizes (-Xss)
#   Set larger code cache with -XX:ReservedCodeCacheSize=
#   JVM is running with Unscaled Compressed Oops mode in which the Java heap is
#     placed in the first 4GB address space. The Java Heap base address is the
#     maximum limit for the native heap growth. Please use -XX:HeapBaseMinAddress
#     to set the Java Heap base and to place the Java Heap above 4GB virtual address.
# This output file may be truncated or incomplete.
#
#  Out of Memory Error (arena.cpp:184), pid=27328, tid=27716
#
# JRE version: OpenJDK Runtime Environment (18.0.1.1+2) (build 18.0.1.1+2-6)
# Java VM: OpenJDK 64-Bit Server VM (18.0.1.1+2-6, mixed mode, sharing, tiered, compressed oops, compressed class ptrs, g1 gc, windows-amd64)
# No core dump will be written. Minidumps are not enabled by default on client versions of Windows
#

---------------  S U M M A R Y ------------

Command Line: -javaagent:C:\Program Files\JetBrains\IntelliJ IDEA Community Edition 2021.3.2\lib\idea_rt.jar=64245:C:\Program Files\JetBrains\IntelliJ IDEA Community Edition 2021.3.2\bin -Dfile.encoding=UTF-8 com.stackroute.SuggestionServiceApplication

Host: Intel(R) Core(TM) i5-6200U CPU @ 2.30GHz, 4 cores, 7G,  Windows 10 , 64 bit Build 19041 (10.0.19041.1806)
Time: Mon Aug  8 17:15:38 2022 India Standard Time elapsed time: 18.051877 seconds (0d 0h 0m 18s)

---------------  T H R E A D  ---------------

Current thread (0x0000026b7f67c6b0):  JavaThread "C2 CompilerThread0" daemon [_thread_in_native, id=27716, stack(0x000000f31ff00000,0x000000f320000000)]


Current CompileTask:
C2:  18051 3872       4       org.springframework.core.ResolvableType::forType (115 bytes)

Stack: [0x000000f31ff00000,0x000000f320000000]
Native frames: (J=compiled Java code, j=interpreted, Vv=VM code, C=native code)
V  [jvm.dll+0x69887a]
V  [jvm.dll+0x7f38bd]
V  [jvm.dll+0x7f51ce]
V  [jvm.dll+0x7f5883]
V  [jvm.dll+0x25ca3f]
V  [jvm.dll+0xb8c2f]
V  [jvm.dll+0xb8fa5]
V  [jvm.dll+0xb8d4b]
V  [jvm.dll+0x67744c]
V  [jvm.dll+0x625d57]
V  [jvm.dll+0x62b7bb]
V  [jvm.dll+0x62c662]
V  [jvm.dll+0x62aae4]
V  [jvm.dll+0x22fa98]
V  [jvm.dll+0x22eff1]
V  [jvm.dll+0x1b9cfc]
V  [jvm.dll+0x23e8ca]
V  [jvm.dll+0x23cbb5]
V  [jvm.dll+0x7a5fb1]
V  [jvm.dll+0x7a03ea]
V  [jvm.dll+0x697725]
C  [ucrtbase.dll+0x21bb2]
C  [KERNEL32.DLL+0x17034]
C  [ntdll.dll+0x52651]


---------------  P R O C E S S  ---------------

Threads class SMR info:
_java_thread_list=0x0000026b05dddfb0, length=16, elements={
0x0000026b61de0150, 0x0000026b7f65f770, 0x0000026b7f6603d0, 0x0000026b7f679d00,
0x0000026b7f67a6a0, 0x0000026b7f67b040, 0x0000026b7f67b9e0, 0x0000026b7f67c6b0,
0x0000026b7f67d090, 0x0000026b7f6fe3e0, 0x0000026b7f645b50, 0x0000026b042235c0,
0x0000026b0423a020, 0x0000026b05f064a0, 0x0000026b05f5baf0, 0x0000026b04f28950
}

Java Threads: ( => current thread )
  0x0000026b61de0150 JavaThread "main" [_thread_in_native, id=27672, stack(0x000000f31f200000,0x000000f31f300000)]
  0x0000026b7f65f770 JavaThread "Reference Handler" daemon [_thread_blocked, id=27000, stack(0x000000f31f900000,0x000000f31fa00000)]
  0x0000026b7f6603d0 JavaThread "Finalizer" daemon [_thread_blocked, id=24264, stack(0x000000f31fa00000,0x000000f31fb00000)]
  0x0000026b7f679d00 JavaThread "Signal Dispatcher" daemon [_thread_blocked, id=27496, stack(0x000000f31fb00000,0x000000f31fc00000)]
  0x0000026b7f67a6a0 JavaThread "Attach Listener" daemon [_thread_blocked, id=27336, stack(0x000000f31fc00000,0x000000f31fd00000)]
  0x0000026b7f67b040 JavaThread "Service Thread" daemon [_thread_blocked, id=26424, stack(0x000000f31fd00000,0x000000f31fe00000)]
  0x0000026b7f67b9e0 JavaThread "Monitor Deflation Thread" daemon [_thread_blocked, id=27712, stack(0x000000f31fe00000,0x000000f31ff00000)]
=>0x0000026b7f67c6b0 JavaThread "C2 CompilerThread0" daemon [_thread_in_native, id=27716, stack(0x000000f31ff00000,0x000000f320000000)]
  0x0000026b7f67d090 JavaThread "C1 CompilerThread0" daemon [_thread_blocked, id=23952, stack(0x000000f320000000,0x000000f320100000)]
  0x0000026b7f6fe3e0 JavaThread "Sweeper thread" daemon [_thread_blocked, id=27736, stack(0x000000f320100000,0x000000f320200000)]
  0x0000026b7f645b50 JavaThread "Common-Cleaner" daemon [_thread_blocked, id=27720, stack(0x000000f320200000,0x000000f320300000)]
  0x0000026b042235c0 JavaThread "Monitor Ctrl-Break" daemon [_thread_in_native, id=27964, stack(0x000000f320300000,0x000000f320400000)]
  0x0000026b0423a020 JavaThread "Notification Thread" daemon [_thread_blocked, id=26292, stack(0x000000f320400000,0x000000f320500000)]
  0x0000026b05f064a0 JavaThread "Catalina-utility-1" [_thread_blocked, id=28408, stack(0x000000f320a00000,0x000000f320b00000)]
  0x0000026b05f5baf0 JavaThread "Catalina-utility-2" [_thread_blocked, id=28296, stack(0x000000f320b00000,0x000000f320c00000)]
  0x0000026b04f28950 JavaThread "container-0" [_thread_blocked, id=28476, stack(0x000000f320c00000,0x000000f320d00000)]

Other Threads:
  0x0000026b7f65c770 VMThread "VM Thread" [stack: 0x000000f31f800000,0x000000f31f900000] [id=2720]
  0x0000026b04223a80 WatcherThread "VM Periodic Task Thread" [stack: 0x000000f320500000,0x000000f320600000] [id=24180]
  0x0000026b61e3fab0 WorkerThread "GC Thread#0" [stack: 0x000000f31f300000,0x000000f31f400000] [id=27676]
  0x0000026b042c5050 WorkerThread "GC Thread#1" [stack: 0x000000f320600000,0x000000f320700000] [id=27104]
  0x0000026b0429cab0 WorkerThread "GC Thread#2" [stack: 0x000000f320700000,0x000000f320800000] [id=27148]
  0x0000026b043959b0 WorkerThread "GC Thread#3" [stack: 0x000000f320800000,0x000000f320900000] [id=27064]
  0x0000026b61e505a0 ConcurrentGCThread "G1 Main Marker" [stack: 0x000000f31f400000,0x000000f31f500000] [id=27680]
  0x0000026b61e52fb0 WorkerThread "G1 Conc#0" [stack: 0x000000f31f500000,0x000000f31f600000] [id=27444]
  0x0000026b61e8f7c0 ConcurrentGCThread "G1 Refine#0" [stack: 0x000000f31f600000,0x000000f31f700000] [id=27420]
  0x0000026b043803b0 ConcurrentGCThread "G1 Refine#1" [stack: 0x000000f320900000,0x000000f320a00000] [id=27952]
  0x0000026b61e900d0 ConcurrentGCThread "G1 Service" [stack: 0x000000f31f700000,0x000000f31f800000] [id=27352]

Threads with active compile tasks:
C2 CompilerThread0    18882 3872       4       org.springframework.core.ResolvableType::forType (115 bytes)

VM state: not at safepoint (normal execution)

VM Mutex/Monitor currently owned by a thread: None

Heap address: 0x0000000082200000, size: 2014 MB, Compressed Oops mode: 32-bit

CDS archive(s) mapped at: [0x0000000800000000-0x0000000800b90000-0x0000000800b90000), size 12124160, SharedBaseAddress: 0x0000000800000000, ArchiveRelocationMode: 0.
Compressed class space mapped at: 0x0000000800c00000-0x0000000840c00000, reserved size: 1073741824
Narrow klass base: 0x0000000800000000, Narrow klass shift: 0, Narrow klass range: 0x100000000

GC Precious Log:
 CardTable entry size: 512
 Card Set container configuration: InlinePtr #cards 5 size 8 Array Of Cards #cards 12 size 40 Howl #buckets 4 coarsen threshold 1843 Howl Bitmap #cards 512 size 80 coarsen threshold 460 Card regions per heap region 1 cards per card region 2048
 CPUs: 4 total, 4 available
 Memory: 8049M
 Large Page Support: Disabled
 NUMA Support: Disabled
 Compressed Oops: Enabled (32-bit)
 Heap Region Size: 1M
 Heap Min Capacity: 8M
 Heap Initial Capacity: 126M
 Heap Max Capacity: 2014M
 Pre-touch: Disabled
 Parallel Workers: 4
 Concurrent Workers: 1
 Concurrent Refinement Workers: 4
 Periodic GC: Disabled

Heap:
 garbage-first heap   total 60416K, used 18309K [0x0000000082200000, 0x0000000100000000)
  region size 1024K, 4 young (4096K), 3 survivors (3072K)
 Metaspace       used 32044K, committed 32384K, reserved 1114112K
  class space    used 4102K, committed 4288K, reserved 1048576K

Heap Regions: E=young(eden), S=young(survivor), O=old, HS=humongous(starts), HC=humongous(continues), CS=collection set, F=free, OA=open archive, CA=closed archive, TAMS=top-at-mark-start (previous, next)
|   0|0x0000000082200000, 0x0000000082300000, 0x0000000082300000|100%| O|  |TAMS 0x0000000082300000, 0x0000000082200000| Untracked 
|   1|0x0000000082300000, 0x0000000082400000, 0x0000000082400000|100%| O|  |TAMS 0x0000000082400000, 0x0000000082300000| Untracked 
|   2|0x0000000082400000, 0x0000000082500000, 0x0000000082500000|100%| O|  |TAMS 0x0000000082500000, 0x0000000082400000| Untracked 
|   3|0x0000000082500000, 0x0000000082600000, 0x0000000082600000|100%| O|  |TAMS 0x0000000082600000, 0x0000000082500000| Untracked 
|   4|0x0000000082600000, 0x0000000082700000, 0x0000000082700000|100%| O|  |TAMS 0x0000000082700000, 0x0000000082600000| Untracked 
|   5|0x0000000082700000, 0x0000000082800000, 0x0000000082800000|100%| O|  |TAMS 0x0000000082800000, 0x0000000082700000| Untracked 
|   6|0x0000000082800000, 0x0000000082900000, 0x0000000082900000|100%| O|  |TAMS 0x0000000082900000, 0x0000000082800000| Untracked 
|   7|0x0000000082900000, 0x0000000082966000, 0x0000000082a00000| 39%| O|  |TAMS 0x0000000082966000, 0x0000000082900000| Untracked 
|   8|0x0000000082a00000, 0x0000000082a00000, 0x0000000082b00000|  0%| F|  |TAMS 0x0000000082a00000, 0x0000000082a00000| Untracked 
|   9|0x0000000082b00000, 0x0000000082b00000, 0x0000000082c00000|  0%| F|  |TAMS 0x0000000082b00000, 0x0000000082b00000| Untracked 
|  10|0x0000000082c00000, 0x0000000082d00000, 0x0000000082d00000|100%| O|  |TAMS 0x0000000082c00000, 0x0000000082c00000| Untracked 
|  11|0x0000000082d00000, 0x0000000082e00000, 0x0000000082e00000|100%| O|  |TAMS 0x0000000082d00000, 0x0000000082d00000| Untracked 
|  12|0x0000000082e00000, 0x0000000082f00000, 0x0000000082f00000|100%| O|  |TAMS 0x0000000082e00000, 0x0000000082e00000| Untracked 
|  13|0x0000000082f00000, 0x0000000083000000, 0x0000000083000000|100%| O|  |TAMS 0x0000000082f00000, 0x0000000082f00000| Untracked 
|  14|0x0000000083000000, 0x0000000083100000, 0x0000000083100000|100%| O|  |TAMS 0x0000000083000000, 0x0000000083000000| Untracked 
|  15|0x0000000083100000, 0x0000000083200000, 0x0000000083200000|100%| O|  |TAMS 0x0000000083100000, 0x0000000083100000| Untracked 
|  16|0x0000000083200000, 0x0000000083300000, 0x0000000083300000|100%| O|  |TAMS 0x0000000083200000, 0x0000000083200000| Untracked 
|  17|0x0000000083300000, 0x0000000083324600, 0x0000000083400000| 14%| O|  |TAMS 0x0000000083300000, 0x0000000083300000| Untracked 
|  18|0x0000000083400000, 0x0000000083400000, 0x0000000083500000|  0%| F|  |TAMS 0x0000000083400000, 0x0000000083400000| Untracked 
|  19|0x0000000083500000, 0x0000000083500000, 0x0000000083600000|  0%| F|  |TAMS 0x0000000083500000, 0x0000000083500000| Untracked 
|  20|0x0000000083600000, 0x0000000083600000, 0x0000000083700000|  0%| F|  |TAMS 0x0000000083600000, 0x0000000083600000| Untracked 
|  21|0x0000000083700000, 0x0000000083700000, 0x0000000083800000|  0%| F|  |TAMS 0x0000000083700000, 0x0000000083700000| Untracked 
|  22|0x0000000083800000, 0x0000000083800000, 0x0000000083900000|  0%| F|  |TAMS 0x0000000083800000, 0x0000000083800000| Untracked 
|  23|0x0000000083900000, 0x0000000083956fe8, 0x0000000083a00000| 33%| S|CS|TAMS 0x0000000083900000, 0x0000000083900000| Complete 
|  24|0x0000000083a00000, 0x0000000083b00000, 0x0000000083b00000|100%| S|CS|TAMS 0x0000000083a00000, 0x0000000083a00000| Complete 
|  25|0x0000000083b00000, 0x0000000083c00000, 0x0000000083c00000|100%| S|CS|TAMS 0x0000000083b00000, 0x0000000083b00000| Complete 
|  26|0x0000000083c00000, 0x0000000083c00000, 0x0000000083d00000|  0%| F|  |TAMS 0x0000000083c00000, 0x0000000083c00000| Untracked 
|  27|0x0000000083d00000, 0x0000000083d00000, 0x0000000083e00000|  0%| F|  |TAMS 0x0000000083d00000, 0x0000000083d00000| Untracked 
|  28|0x0000000083e00000, 0x0000000083e00000, 0x0000000083f00000|  0%| F|  |TAMS 0x0000000083e00000, 0x0000000083e00000| Untracked 
|  29|0x0000000083f00000, 0x0000000083f00000, 0x0000000084000000|  0%| F|  |TAMS 0x0000000083f00000, 0x0000000083f00000| Untracked 
|  30|0x0000000084000000, 0x0000000084000000, 0x0000000084100000|  0%| F|  |TAMS 0x0000000084000000, 0x0000000084000000| Untracked 
|  31|0x0000000084100000, 0x0000000084100000, 0x0000000084200000|  0%| F|  |TAMS 0x0000000084100000, 0x0000000084100000| Untracked 
|  32|0x0000000084200000, 0x0000000084200000, 0x0000000084300000|  0%| F|  |TAMS 0x0000000084200000, 0x0000000084200000| Untracked 
|  33|0x0000000084300000, 0x0000000084300000, 0x0000000084400000|  0%| F|  |TAMS 0x0000000084300000, 0x0000000084300000| Untracked 
|  34|0x0000000084400000, 0x0000000084400000, 0x0000000084500000|  0%| F|  |TAMS 0x0000000084400000, 0x0000000084400000| Untracked 
|  35|0x0000000084500000, 0x0000000084500000, 0x0000000084600000|  0%| F|  |TAMS 0x0000000084500000, 0x0000000084500000| Untracked 
|  36|0x0000000084600000, 0x0000000084600000, 0x0000000084700000|  0%| F|  |TAMS 0x0000000084600000, 0x0000000084600000| Untracked 
|  37|0x0000000084700000, 0x0000000084700000, 0x0000000084800000|  0%| F|  |TAMS 0x0000000084700000, 0x0000000084700000| Untracked 
|  38|0x0000000084800000, 0x0000000084800000, 0x0000000084900000|  0%| F|  |TAMS 0x0000000084800000, 0x0000000084800000| Untracked 
|  39|0x0000000084900000, 0x0000000084900000, 0x0000000084a00000|  0%| F|  |TAMS 0x0000000084900000, 0x0000000084900000| Untracked 
|  40|0x0000000084a00000, 0x0000000084a00000, 0x0000000084b00000|  0%| F|  |TAMS 0x0000000084a00000, 0x0000000084a00000| Untracked 
|  41|0x0000000084b00000, 0x0000000084b00000, 0x0000000084c00000|  0%| F|  |TAMS 0x0000000084b00000, 0x0000000084b00000| Untracked 
|  42|0x0000000084c00000, 0x0000000084c00000, 0x0000000084d00000|  0%| F|  |TAMS 0x0000000084c00000, 0x0000000084c00000| Untracked 
|  43|0x0000000084d00000, 0x0000000084d00000, 0x0000000084e00000|  0%| F|  |TAMS 0x0000000084d00000, 0x0000000084d00000| Untracked 
|  44|0x0000000084e00000, 0x0000000084e00000, 0x0000000084f00000|  0%| F|  |TAMS 0x0000000084e00000, 0x0000000084e00000| Untracked 
|  45|0x0000000084f00000, 0x0000000084f00000, 0x0000000085000000|  0%| F|  |TAMS 0x0000000084f00000, 0x0000000084f00000| Untracked 
|  46|0x0000000085000000, 0x0000000085000000, 0x0000000085100000|  0%| F|  |TAMS 0x0000000085000000, 0x0000000085000000| Untracked 
|  47|0x0000000085100000, 0x0000000085100000, 0x0000000085200000|  0%| F|  |TAMS 0x0000000085100000, 0x0000000085100000| Untracked 
|  48|0x0000000085200000, 0x0000000085200000, 0x0000000085300000|  0%| F|  |TAMS 0x0000000085200000, 0x0000000085200000| Untracked 
|  49|0x0000000085300000, 0x0000000085300000, 0x0000000085400000|  0%| F|  |TAMS 0x0000000085300000, 0x0000000085300000| Untracked 
|  50|0x0000000085400000, 0x0000000085400000, 0x0000000085500000|  0%| F|  |TAMS 0x0000000085400000, 0x0000000085400000| Untracked 
|  62|0x0000000086000000, 0x0000000086000000, 0x0000000086100000|  0%| F|  |TAMS 0x0000000086000000, 0x0000000086000000| Untracked 
|  63|0x0000000086100000, 0x0000000086100000, 0x0000000086200000|  0%| F|  |TAMS 0x0000000086100000, 0x0000000086100000| Untracked 
|  64|0x0000000086200000, 0x0000000086200000, 0x0000000086300000|  0%| F|  |TAMS 0x0000000086200000, 0x0000000086200000| Untracked 
|  65|0x0000000086300000, 0x0000000086300000, 0x0000000086400000|  0%| F|  |TAMS 0x0000000086300000, 0x0000000086300000| Untracked 
|  66|0x0000000086400000, 0x0000000086400000, 0x0000000086500000|  0%| F|  |TAMS 0x0000000086400000, 0x0000000086400000| Untracked 
|  67|0x0000000086500000, 0x0000000086500000, 0x0000000086600000|  0%| F|  |TAMS 0x0000000086500000, 0x0000000086500000| Untracked 
| 125|0x0000000089f00000, 0x0000000089ff4f40, 0x000000008a000000| 95%| E|  |TAMS 0x0000000089f00000, 0x0000000089f00000| Complete 
|2013|0x00000000fff00000, 0x0000000100000000, 0x0000000100000000|100%| O|  |TAMS 0x00000000fff00000, 0x00000000fff00000| Untracked 

Card table byte_map: [0x0000026b78b00000,0x0000026b78ef0000] _byte_map_base: 0x0000026b786ef000

Marking Bits (Prev, Next): (CMBitMap*) 0x0000026b61e400f0, (CMBitMap*) 0x0000026b61e400b0
 Prev Bits: [0x0000026b7b260000, 0x0000026b7d1d8000)
 Next Bits: [0x0000026b792e0000, 0x0000026b7b258000)

Polling page: 0x0000026b615a0000

Metaspace:

Usage:
  Non-class:     27.29 MB used.
      Class:      4.01 MB used.
       Both:     31.29 MB used.

Virtual space:
  Non-class space:       64.00 MB reserved,      27.44 MB ( 43%) committed,  1 nodes.
      Class space:        1.00 GB reserved,       4.19 MB ( <1%) committed,  1 nodes.
             Both:        1.06 GB reserved,      31.62 MB (  3%) committed. 

Chunk freelists:
   Non-Class:  3.88 MB
       Class:  3.63 MB
        Both:  7.51 MB

MaxMetaspaceSize: unlimited
CompressedClassSpaceSize: 1.00 GB
Initial GC threshold: 21.00 MB
Current GC threshold: 35.25 MB
CDS: on
MetaspaceReclaimPolicy: balanced
 - commit_granule_bytes: 65536.
 - commit_granule_words: 8192.
 - virtual_space_node_default_size: 8388608.
 - enlarge_chunks_in_place: 1.
 - new_chunks_are_fully_committed: 0.
 - uncommit_free_chunks: 1.
 - use_allocation_guard: 0.


Internal statistics:

num_allocs_failed_limit: 3.
num_arena_births: 376.
num_arena_deaths: 0.
num_vsnodes_births: 2.
num_vsnodes_deaths: 0.
num_space_committed: 506.
num_space_uncommitted: 0.
num_chunks_returned_to_freelist: 3.
num_chunks_taken_from_freelist: 1482.
num_chunk_merges: 3.
num_chunk_splits: 1027.
num_chunks_enlarged: 840.
num_inconsistent_stats: 0.

CodeHeap 'non-profiled nmethods': size=120000Kb used=1905Kb max_used=1905Kb free=118094Kb
 bounds [0x0000026b711e0000, 0x0000026b71450000, 0x0000026b78710000]
CodeHeap 'profiled nmethods': size=120000Kb used=9055Kb max_used=9055Kb free=110944Kb
 bounds [0x0000026b69cb0000, 0x0000026b6a590000, 0x0000026b711e0000]
CodeHeap 'non-nmethods': size=5760Kb used=1214Kb max_used=1276Kb free=4545Kb
 bounds [0x0000026b69710000, 0x0000026b69980000, 0x0000026b69cb0000]
 total_blobs=4454 nmethods=3949 adapters=417
 compilation: enabled
              stopped_count=0, restarted_count=0
 full_count=0

Compilation events (20 events):
Event: 17.909 Thread 0x0000026b7f67d090 3892       3       java.util.ArrayList::addAll (111 bytes)
Event: 17.909 Thread 0x0000026b7f67d090 nmethod 3892 0x0000026b6a558910 code [0x0000026b6a558b20, 0x0000026b6a5592d8]
Event: 17.915 Thread 0x0000026b7f67d090 3893       1       java.util.ArrayList$ArrayListSpliterator::characteristics (4 bytes)
Event: 17.915 Thread 0x0000026b7f67d090 nmethod 3893 0x0000026b713b8990 code [0x0000026b713b8b20, 0x0000026b713b8bf8]
Event: 17.915 Thread 0x0000026b7f67c6b0 nmethod 3877 0x0000026b713b8c90 code [0x0000026b713b8ee0, 0x0000026b713b9c40]
Event: 17.915 Thread 0x0000026b7f67c6b0 3889       4       org.springframework.core.annotation.TypeMappedAnnotations$MergedAnnotationFinder::doWithAggregate (7 bytes)
Event: 17.915 Thread 0x0000026b7f67c6b0 nmethod 3889 0x0000026b713ba190 code [0x0000026b713ba300, 0x0000026b713ba378]
Event: 17.915 Thread 0x0000026b7f67c6b0 3883       4       org.springframework.core.annotation.AnnotationFilter::matches (11 bytes)
Event: 17.921 Thread 0x0000026b7f67c6b0 nmethod 3883 0x0000026b713ba490 code [0x0000026b713ba620, 0x0000026b713ba988]
Event: 17.921 Thread 0x0000026b7f67c6b0 3872       4       org.springframework.core.ResolvableType::forType (115 bytes)
Event: 17.973 Thread 0x0000026b7f67d090 3895       3       sun.nio.fs.WindowsPath::checkRead (17 bytes)
Event: 17.973 Thread 0x0000026b7f67d090 nmethod 3895 0x0000026b6a559590 code [0x0000026b6a559740, 0x0000026b6a559938]
Event: 17.973 Thread 0x0000026b7f67d090 3896       3       sun.nio.fs.NativeBuffers::getNativeBuffer (21 bytes)
Event: 17.973 Thread 0x0000026b7f67d090 nmethod 3896 0x0000026b6a559a10 code [0x0000026b6a559be0, 0x0000026b6a559f18]
Event: 17.977 Thread 0x0000026b7f67d090 3897       3       java.io.WinNTFileSystem::resolve (275 bytes)
Event: 17.980 Thread 0x0000026b7f67d090 nmethod 3897 0x0000026b6a55a090 code [0x0000026b6a55a580, 0x0000026b6a55d318]
Event: 17.980 Thread 0x0000026b7f67d090 3898       1       java.util.LinkedList::size (5 bytes)
Event: 17.980 Thread 0x0000026b7f67d090 nmethod 3898 0x0000026b713bac90 code [0x0000026b713bae20, 0x0000026b713baef8]
Event: 18.009 Thread 0x0000026b7f67d090 3899       3       java.util.logging.LogManager$LoggerContext::requiresDefaultLoggers (29 bytes)
Event: 18.009 Thread 0x0000026b7f67d090 nmethod 3899 0x0000026b6a55e390 code [0x0000026b6a55e540, 0x0000026b6a55e768]

GC Heap History (10 events):
Event: 4.077 GC heap before
{Heap before GC invocations=0 (full 0):
 garbage-first heap   total 129024K, used 13312K [0x0000000082200000, 0x0000000100000000)
  region size 1024K, 13 young (13312K), 0 survivors (0K)
 Metaspace       used 2445K, committed 2624K, reserved 1114112K
  class space    used 205K, committed 320K, reserved 1048576K
}
Event: 4.084 GC heap after
{Heap after GC invocations=1 (full 0):
 garbage-first heap   total 129024K, used 7545K [0x0000000082200000, 0x0000000100000000)
  region size 1024K, 2 young (2048K), 2 survivors (2048K)
 Metaspace       used 2445K, committed 2624K, reserved 1114112K
  class space    used 205K, committed 320K, reserved 1048576K
}
Event: 4.774 GC heap before
{Heap before GC invocations=1 (full 0):
 garbage-first heap   total 129024K, used 14713K [0x0000000082200000, 0x0000000100000000)
  region size 1024K, 9 young (9216K), 2 survivors (2048K)
 Metaspace       used 4791K, committed 4992K, reserved 1114112K
  class space    used 507K, committed 576K, reserved 1048576K
}
Event: 4.778 GC heap after
{Heap after GC invocations=2 (full 0):
 garbage-first heap   total 129024K, used 8336K [0x0000000082200000, 0x0000000100000000)
  region size 1024K, 1 young (1024K), 1 survivors (1024K)
 Metaspace       used 4791K, committed 4992K, reserved 1114112K
  class space    used 507K, committed 576K, reserved 1048576K
}
Event: 6.134 GC heap before
{Heap before GC invocations=2 (full 0):
 garbage-first heap   total 129024K, used 27792K [0x0000000082200000, 0x0000000100000000)
  region size 1024K, 21 young (21504K), 1 survivors (1024K)
 Metaspace       used 10580K, committed 10816K, reserved 1114112K
  class space    used 1290K, committed 1408K, reserved 1048576K
}
Event: 6.138 GC heap after
{Heap after GC invocations=3 (full 0):
 garbage-first heap   total 129024K, used 9732K [0x0000000082200000, 0x0000000100000000)
  region size 1024K, 3 young (3072K), 3 survivors (3072K)
 Metaspace       used 10580K, committed 10816K, reserved 1114112K
  class space    used 1290K, committed 1408K, reserved 1048576K
}
Event: 8.317 GC heap before
{Heap before GC invocations=3 (full 0):
 garbage-first heap   total 129024K, used 64004K [0x0000000082200000, 0x0000000100000000)
  region size 1024K, 58 young (59392K), 3 survivors (3072K)
 Metaspace       used 21246K, committed 21504K, reserved 1114112K
  class space    used 2605K, committed 2752K, reserved 1048576K
}
Event: 8.326 GC heap after
{Heap after GC invocations=4 (full 0):
 garbage-first heap   total 129024K, used 13154K [0x0000000082200000, 0x0000000100000000)
  region size 1024K, 6 young (6144K), 6 survivors (6144K)
 Metaspace       used 21246K, committed 21504K, reserved 1114112K
  class space    used 2605K, committed 2752K, reserved 1048576K
}
Event: 13.387 GC heap before
{Heap before GC invocations=5 (full 0):
 garbage-first heap   total 51200K, used 50018K [0x0000000082200000, 0x0000000100000000)
  region size 1024K, 42 young (43008K), 6 survivors (6144K)
 Metaspace       used 28383K, committed 28736K, reserved 1114112K
  class space    used 3678K, committed 3840K, reserved 1048576K
}
Event: 13.408 GC heap after
{Heap after GC invocations=6 (full 0):
 garbage-first heap   total 60416K, used 16211K [0x0000000082200000, 0x0000000100000000)
  region size 1024K, 8 young (8192K), 8 survivors (8192K)
 Metaspace       used 28383K, committed 28736K, reserved 1114112K
  class space    used 3678K, committed 3840K, reserved 1048576K
}

Deoptimization events (20 events):
Event: 16.592 Thread 0x0000026b61de0150 Uncommon trap: trap_request=0xffffffde fr.pc=0x0000026b712f0bdc relative=0x000000000000023c
Event: 16.592 Thread 0x0000026b61de0150 Uncommon trap: reason=class_check action=maybe_recompile pc=0x0000026b712f0bdc method=java.util.Collections$SetFromMap.contains(Ljava/lang/Object;)Z @ 5 c2
Event: 16.592 Thread 0x0000026b61de0150 DEOPT PACKING pc=0x0000026b712f0bdc sp=0x000000f31f2fd630
Event: 16.592 Thread 0x0000026b61de0150 DEOPT UNPACKING pc=0x0000026b697623a3 sp=0x000000f31f2fd5d8 mode 2
Event: 16.592 Thread 0x0000026b61de0150 Uncommon trap: trap_request=0xffffffde fr.pc=0x0000026b712f0bdc relative=0x000000000000023c
Event: 16.592 Thread 0x0000026b61de0150 Uncommon trap: reason=class_check action=maybe_recompile pc=0x0000026b712f0bdc method=java.util.Collections$SetFromMap.contains(Ljava/lang/Object;)Z @ 5 c2
Event: 16.592 Thread 0x0000026b61de0150 DEOPT PACKING pc=0x0000026b712f0bdc sp=0x000000f31f2fd7e0
Event: 16.592 Thread 0x0000026b61de0150 DEOPT UNPACKING pc=0x0000026b697623a3 sp=0x000000f31f2fd788 mode 2
Event: 16.592 Thread 0x0000026b61de0150 Uncommon trap: trap_request=0xffffffde fr.pc=0x0000026b712f0bdc relative=0x000000000000023c
Event: 16.592 Thread 0x0000026b61de0150 Uncommon trap: reason=class_check action=maybe_recompile pc=0x0000026b712f0bdc method=java.util.Collections$SetFromMap.contains(Ljava/lang/Object;)Z @ 5 c2
Event: 16.592 Thread 0x0000026b61de0150 DEOPT PACKING pc=0x0000026b712f0bdc sp=0x000000f31f2fd990
Event: 16.592 Thread 0x0000026b61de0150 DEOPT UNPACKING pc=0x0000026b697623a3 sp=0x000000f31f2fd938 mode 2
Event: 17.290 Thread 0x0000026b61de0150 Uncommon trap: trap_request=0xffffff45 fr.pc=0x0000026b712c99b0 relative=0x0000000000000250
Event: 17.290 Thread 0x0000026b61de0150 Uncommon trap: reason=unstable_if action=reinterpret pc=0x0000026b712c99b0 method=java.util.HashMap.putVal(ILjava/lang/Object;Ljava/lang/Object;ZZ)Ljava/lang/Object; @ 162 c2
Event: 17.290 Thread 0x0000026b61de0150 DEOPT PACKING pc=0x0000026b712c99b0 sp=0x000000f31f2fc510
Event: 17.290 Thread 0x0000026b61de0150 DEOPT UNPACKING pc=0x0000026b697623a3 sp=0x000000f31f2fc438 mode 2
Event: 17.608 Thread 0x0000026b61de0150 Uncommon trap: trap_request=0xffffff45 fr.pc=0x0000026b713a61dc relative=0x000000000000151c
Event: 17.608 Thread 0x0000026b61de0150 Uncommon trap: reason=unstable_if action=reinterpret pc=0x0000026b713a61dc method=java.util.zip.InflaterInputStream.read([BII)I @ 25 c2
Event: 17.608 Thread 0x0000026b61de0150 DEOPT PACKING pc=0x0000026b713a61dc sp=0x000000f31f2fdd40
Event: 17.608 Thread 0x0000026b61de0150 DEOPT UNPACKING pc=0x0000026b697623a3 sp=0x000000f31f2fdd90 mode 2

Classes loaded (20 events):
Event: 17.494 Loading class com/sun/crypto/provider/SunJCE
Event: 17.557 Loading class com/sun/crypto/provider/SunJCE done
Event: 17.562 Loading class com/sun/security/sasl/Provider
Event: 17.562 Loading class com/sun/security/sasl/Provider done
Event: 17.562 Loading class com/sun/security/sasl/Provider$1
Event: 17.563 Loading class com/sun/security/sasl/Provider$1 done
Event: 17.563 Loading class com/sun/security/sasl/Provider$ProviderService
Event: 17.563 Loading class com/sun/security/sasl/Provider$ProviderService done
Event: 17.563 Loading class sun/security/provider/certpath/ldap/JdkLDAP
Event: 17.563 Loading class sun/security/provider/certpath/ldap/JdkLDAP done
Event: 17.564 Loading class sun/security/provider/certpath/ldap/JdkLDAP$ProviderService
Event: 17.564 Loading class sun/security/provider/certpath/ldap/JdkLDAP$ProviderService done
Event: 17.968 Loading class java/io/EOFException
Event: 17.968 Loading class java/io/EOFException done
Event: 18.009 Loading class java/util/concurrent/ScheduledThreadPoolExecutor$ScheduledFutureTask
Event: 18.009 Loading class java/util/concurrent/ScheduledThreadPoolExecutor$ScheduledFutureTask done
Event: 18.009 Loading class java/util/concurrent/Executors$RunnableAdapter
Event: 18.009 Loading class java/util/concurrent/Executors$RunnableAdapter done
Event: 18.010 Loading class java/util/concurrent/TimeUnit$1
Event: 18.010 Loading class java/util/concurrent/TimeUnit$1 done

Classes unloaded (0 events):
No events

Classes redefined (0 events):
No events

Internal exceptions (20 events):
Event: 11.925 Thread 0x0000026b61de0150 Exception <a 'java/lang/NoSuchMethodError'{0x00000000831a49b0}: 'void java.lang.invoke.DelegatingMethodHandle$Holder.reinvoke_L(java.lang.Object, java.lang.Object, int)'> (0x00000000831a49b0) 
thrown [s\open\src\hotspot\share\interpreter\linkResolver.cpp, line 766]
Event: 12.224 Thread 0x0000026b61de0150 Exception <a 'java/lang/NoSuchMethodError'{0x000000008307c4b8}: 'java.lang.Object java.lang.invoke.DirectMethodHandle$Holder.invokeSpecialIFC(java.lang.Object, java.lang.Object, java.lang.Object)'> (0x000000008307c4b8) 
thrown [s\open\src\hotspot\share\interpreter\linkResolver.cpp, line 766]
Event: 12.275 Thread 0x0000026b61de0150 Exception <a 'java/lang/ClassNotFoundException'{0x00000000830aa2c0}: java/lang/ObjectCustomizer> (0x00000000830aa2c0) 
thrown [s\open\src\hotspot\share\classfile\systemDictionary.cpp, line 255]
Event: 12.276 Thread 0x0000026b61de0150 Exception <a 'java/lang/ClassNotFoundException'{0x00000000830b0b38}: org/springframework/transaction/annotation/AbstractTransactionManagementConfigurationCustomizer> (0x00000000830b0b38) 
thrown [s\open\src\hotspot\share\classfile\systemDictionary.cpp, line 255]
Event: 12.277 Thread 0x0000026b61de0150 Exception <a 'java/lang/ClassNotFoundException'{0x00000000830b68b8}: org/springframework/transaction/annotation/ProxyTransactionManagementConfigurationCustomizer> (0x00000000830b68b8) 
thrown [s\open\src\hotspot\share\classfile\systemDictionary.cpp, line 255]
Event: 12.278 Thread 0x0000026b61de0150 Exception <a 'java/lang/ClassNotFoundException'{0x00000000830bdd78}: org/springframework/context/annotation/ImportAwareCustomizer> (0x00000000830bdd78) 
thrown [s\open\src\hotspot\share\classfile\systemDictionary.cpp, line 255]
Event: 12.279 Thread 0x0000026b61de0150 Exception <a 'java/lang/ClassNotFoundException'{0x00000000830c1e00}: org/springframework/beans/factory/AwareCustomizer> (0x00000000830c1e00) 
thrown [s\open\src\hotspot\share\classfile\systemDictionary.cpp, line 255]
Event: 12.458 Thread 0x0000026b61de0150 Exception <a 'java/lang/NoSuchMethodError'{0x0000000082ffe8c8}: 'java.lang.Object java.lang.invoke.DirectMethodHandle$Holder.invokeVirtual(java.lang.Object, java.lang.Object, java.lang.Object, java.lang.Object, java.lang.Object)'> (0x0000000082ffe8c8) 
thrown [s\open\src\hotspot\share\interpreter\linkResolver.cpp, line 766]
Event: 13.360 Thread 0x0000026b61de0150 Exception <a 'java/lang/NoSuchMethodError'{0x0000000082be4eb0}: 'void java.lang.invoke.DirectMethodHandle$Holder.invokeInterface(java.lang.Object, java.lang.Object, int)'> (0x0000000082be4eb0) 
thrown [s\open\src\hotspot\share\interpreter\linkResolver.cpp, line 766]
Event: 13.362 Thread 0x0000026b61de0150 Exception <a 'java/lang/NoSuchMethodError'{0x0000000082bfe750}: 'int java.lang.invoke.DirectMethodHandle$Holder.invokeVirtual(java.lang.Object, java.lang.Object)'> (0x0000000082bfe750) 
thrown [s\open\src\hotspot\share\interpreter\linkResolver.cpp, line 766]
Event: 13.367 Thread 0x0000026b61de0150 Exception <a 'java/lang/IncompatibleClassChangeError'{0x0000000082a382f0}: Found class java.lang.Object, but interface was expected> (0x0000000082a382f0) 
thrown [s\open\src\hotspot\share\interpreter\linkResolver.cpp, line 833]
Event: 13.367 Thread 0x0000026b61de0150 Exception <a 'java/lang/NoSuchMethodError'{0x0000000082a3d3e8}: 'void java.lang.invoke.DirectMethodHandle$Holder.invokeStatic(java.lang.Object, int, java.lang.Object)'> (0x0000000082a3d3e8) 
thrown [s\open\src\hotspot\share\interpreter\linkResolver.cpp, line 766]
Event: 13.373 Thread 0x0000026b61de0150 Exception <a 'java/lang/NoSuchMethodError'{0x0000000082a6c888}: 'int java.lang.invoke.DirectMethodHandle$Holder.invokeSpecial(java.lang.Object, java.lang.Object, int)'> (0x0000000082a6c888) 
thrown [s\open\src\hotspot\share\interpreter\linkResolver.cpp, line 766]
Event: 14.151 Thread 0x0000026b61de0150 Exception <a 'java/lang/NoSuchMethodError'{0x00000000863769b0}: 'java.lang.Object java.lang.invoke.DirectMethodHandle$Holder.invokeStaticInit(java.lang.Object, int, int, int, int)'> (0x00000000863769b0) 
thrown [s\open\src\hotspot\share\interpreter\linkResolver.cpp, line 766]
Event: 14.209 Thread 0x0000026b61de0150 Exception <a 'java/lang/NoSuchMethodError'{0x000000008638e2c8}: 'java.lang.Object java.lang.invoke.DirectMethodHandle$Holder.invokeStaticInit(java.lang.Object, java.lang.Object, int, int, int, int)'> (0x000000008638e2c8) 
thrown [s\open\src\hotspot\share\interpreter\linkResolver.cpp, line 766]
Event: 15.022 Thread 0x0000026b61de0150 Exception <a 'java/lang/NoSuchMethodError'{0x00000000860092e8}: 'int java.lang.invoke.DirectMethodHandle$Holder.invokeVirtual(java.lang.Object, java.lang.Object, java.lang.Object, java.lang.Object)'> (0x00000000860092e8) 
thrown [s\open\src\hotspot\share\interpreter\linkResolver.cpp, line 766]
Event: 15.022 Thread 0x0000026b61de0150 Exception <a 'java/lang/NoSuchMethodError'{0x000000008600ce00}: 'int java.lang.invoke.DelegatingMethodHandle$Holder.reinvoke_L(java.lang.Object, java.lang.Object, java.lang.Object, java.lang.Object)'> (0x000000008600ce00) 
thrown [s\open\src\hotspot\share\interpreter\linkResolver.cpp, line 766]
Event: 17.590 Thread 0x0000026b61de0150 Exception <a 'java/io/FileNotFoundException'{0x0000000084275570}> (0x0000000084275570) 
thrown [s\open\src\hotspot\share\prims\jni.cpp, line 516]
Event: 17.890 Thread 0x0000026b61de0150 Exception <a 'java/lang/NoSuchMethodError'{0x00000000840c8e20}: 'int java.lang.invoke.DirectMethodHandle$Holder.invokeInterface(java.lang.Object, java.lang.Object, java.lang.Object, java.lang.Object)'> (0x00000000840c8e20) 
thrown [s\open\src\hotspot\share\interpreter\linkResolver.cpp, line 766]
Event: 17.980 Thread 0x0000026b61de0150 Exception <a 'java/io/FileNotFoundException'{0x0000000083eb1628}> (0x0000000083eb1628) 
thrown [s\open\src\hotspot\share\prims\jni.cpp, line 516]

VM Operations (20 events):
Event: 14.547 Executing VM operation: Cleanup
Event: 14.563 Executing VM operation: Cleanup done
Event: 15.576 Executing VM operation: Cleanup
Event: 15.607 Executing VM operation: Cleanup done
Event: 16.260 Executing VM operation: HandshakeAllThreads
Event: 16.260 Executing VM operation: HandshakeAllThreads done
Event: 16.589 Executing VM operation: HandshakeAllThreads
Event: 16.589 Executing VM operation: HandshakeAllThreads done
Event: 16.591 Executing VM operation: HandshakeAllThreads
Event: 16.591 Executing VM operation: HandshakeAllThreads done
Event: 17.477 Executing VM operation: HandshakeAllThreads
Event: 17.477 Executing VM operation: HandshakeAllThreads done
Event: 17.477 Executing VM operation: Cleanup
Event: 17.477 Executing VM operation: Cleanup done
Event: 17.911 Executing VM operation: HandshakeAllThreads
Event: 17.911 Executing VM operation: HandshakeAllThreads done
Event: 17.911 Executing VM operation: HandshakeAllThreads
Event: 17.911 Executing VM operation: HandshakeAllThreads done
Event: 17.982 Executing VM operation: HandshakeAllThreads
Event: 17.982 Executing VM operation: HandshakeAllThreads done

Events (20 events):
Event: 0.341 Loaded shared library C:\Users\a\.jdks\openjdk-18.0.1.1\bin\instrument.dll
Event: 0.348 Loaded shared library C:\Users\a\.jdks\openjdk-18.0.1.1\bin\net.dll
Event: 0.349 Loaded shared library C:\Users\a\.jdks\openjdk-18.0.1.1\bin\nio.dll
Event: 0.388 Loaded shared library C:\Users\a\.jdks\openjdk-18.0.1.1\bin\zip.dll
Event: 1.219 Loaded shared library C:\Users\a\.jdks\openjdk-18.0.1.1\bin\jimage.dll
Event: 3.172 Loaded shared library C:\Program Files\JetBrains\IntelliJ IDEA Community Edition 2021.3.2\bin\breakgen64.dll
Event: 3.174 Thread 0x0000026b042235c0 Thread added: 0x0000026b042235c0
Event: 3.174 Thread 0x0000026b0423a020 Thread added: 0x0000026b0423a020
Event: 3.420 Loaded shared library C:\Users\a\.jdks\openjdk-18.0.1.1\bin\verify.dll
Event: 5.467 Thread 0x0000026b04a810a0 Thread added: 0x0000026b04a810a0
Event: 5.556 Thread 0x0000026b04a810a0 Thread exited: 0x0000026b04a810a0
Event: 5.838 Loaded shared library C:\Users\a\.jdks\openjdk-18.0.1.1\bin\management.dll
Event: 5.841 Loaded shared library C:\Users\a\.jdks\openjdk-18.0.1.1\bin\management_ext.dll
Event: 5.988 Thread 0x0000026b04b4f010 Thread added: 0x0000026b04b4f010
Event: 6.923 Thread 0x0000026b04e286d0 Thread added: 0x0000026b04e286d0
Event: 7.224 Thread 0x0000026b04e286d0 Thread exited: 0x0000026b04e286d0
Event: 7.815 Thread 0x0000026b04b4f010 Thread exited: 0x0000026b04b4f010
Event: 17.138 Loaded shared library C:\Users\a\.jdks\openjdk-18.0.1.1\bin\sunmscapi.dll
Event: 18.010 Thread 0x0000026b05f064a0 Thread added: 0x0000026b05f064a0
Event: 18.011 Thread 0x0000026b05f5baf0 Thread added: 0x0000026b05f5baf0


Dynamic libraries:
0x00007ff738cf0000 - 0x00007ff738cfe000 	C:\Users\a\.jdks\openjdk-18.0.1.1\bin\java.exe
0x00007ff984bf0000 - 0x00007ff984de8000 	C:\WINDOWS\SYSTEM32\ntdll.dll
0x00007ff983ea0000 - 0x00007ff983f5d000 	C:\WINDOWS\System32\KERNEL32.DLL
0x00007ff982980000 - 0x00007ff982c4e000 	C:\WINDOWS\System32\KERNELBASE.dll
0x00007ff9825c0000 - 0x00007ff9826c0000 	C:\WINDOWS\System32\ucrtbase.dll
0x00007ff97ae80000 - 0x00007ff97ae97000 	C:\Users\a\.jdks\openjdk-18.0.1.1\bin\jli.dll
0x00007ff9832c0000 - 0x00007ff983460000 	C:\WINDOWS\System32\USER32.dll
0x00007ff982470000 - 0x00007ff982492000 	C:\WINDOWS\System32\win32u.dll
0x00007ff983460000 - 0x00007ff98348a000 	C:\WINDOWS\System32\GDI32.dll
0x00007ff982820000 - 0x00007ff98292b000 	C:\WINDOWS\System32\gdi32full.dll
0x00007ff97ae60000 - 0x00007ff97ae7a000 	C:\Users\a\.jdks\openjdk-18.0.1.1\bin\VCRUNTIME140.dll
0x00007ff9798d0000 - 0x00007ff979b6a000 	C:\WINDOWS\WinSxS\amd64_microsoft.windows.common-controls_6595b64144ccf1df_6.0.19041.1110_none_60b5254171f9507e\COMCTL32.dll
0x00007ff9847a0000 - 0x00007ff98483e000 	C:\WINDOWS\System32\msvcrt.dll
0x00007ff982340000 - 0x00007ff9823dd000 	C:\WINDOWS\System32\msvcp_win.dll
0x00007ff982cd0000 - 0x00007ff982d00000 	C:\WINDOWS\System32\IMM32.DLL
0x00007ff97d8c0000 - 0x00007ff97d8cc000 	C:\Users\a\.jdks\openjdk-18.0.1.1\bin\vcruntime140_1.dll
0x00007ff96e240000 - 0x00007ff96e2cd000 	C:\Users\a\.jdks\openjdk-18.0.1.1\bin\msvcp140.dll
0x00007ff924470000 - 0x00007ff925080000 	C:\Users\a\.jdks\openjdk-18.0.1.1\bin\server\jvm.dll
0x00007ff983490000 - 0x00007ff98353e000 	C:\WINDOWS\System32\ADVAPI32.dll
0x00007ff982d10000 - 0x00007ff982dac000 	C:\WINDOWS\System32\sechost.dll
0x00007ff983c90000 - 0x00007ff983db5000 	C:\WINDOWS\System32\RPCRT4.dll
0x00007ff984840000 - 0x00007ff984848000 	C:\WINDOWS\System32\PSAPI.DLL
0x00007ff9802e0000 - 0x00007ff9802e9000 	C:\WINDOWS\SYSTEM32\WSOCK32.dll
0x00007ff984730000 - 0x00007ff98479b000 	C:\WINDOWS\System32\WS2_32.dll
0x00007ff97b1e0000 - 0x00007ff97b207000 	C:\WINDOWS\SYSTEM32\WINMM.dll
0x00007ff978460000 - 0x00007ff97846a000 	C:\WINDOWS\SYSTEM32\VERSION.dll
0x00007ff980bf0000 - 0x00007ff980c02000 	C:\WINDOWS\SYSTEM32\kernel.appcore.dll
0x00007ff97c730000 - 0x00007ff97c73a000 	C:\Users\a\.jdks\openjdk-18.0.1.1\bin\jimage.dll
0x00007ff97ff40000 - 0x00007ff980124000 	C:\WINDOWS\SYSTEM32\DBGHELP.DLL
0x00007ff971370000 - 0x00007ff97139c000 	C:\WINDOWS\SYSTEM32\dbgcore.DLL
0x00007ff9823e0000 - 0x00007ff982462000 	C:\WINDOWS\System32\bcryptPrimitives.dll
0x00007ff971aa0000 - 0x00007ff971aae000 	C:\Users\a\.jdks\openjdk-18.0.1.1\bin\instrument.dll
0x00007ff970ba0000 - 0x00007ff970bc5000 	C:\Users\a\.jdks\openjdk-18.0.1.1\bin\java.dll
0x00007ff968480000 - 0x00007ff968556000 	C:\Users\a\.jdks\openjdk-18.0.1.1\bin\jsvml.dll
0x00007ff983540000 - 0x00007ff983c84000 	C:\WINDOWS\System32\SHELL32.dll
0x00007ff9802f0000 - 0x00007ff980a84000 	C:\WINDOWS\SYSTEM32\windows.storage.dll
0x00007ff984850000 - 0x00007ff984ba4000 	C:\WINDOWS\System32\combase.dll
0x00007ff981ca0000 - 0x00007ff981cd0000 	C:\WINDOWS\SYSTEM32\Wldp.dll
0x00007ff983210000 - 0x00007ff9832bd000 	C:\WINDOWS\System32\SHCORE.dll
0x00007ff982c50000 - 0x00007ff982ca5000 	C:\WINDOWS\System32\shlwapi.dll
0x00007ff982250000 - 0x00007ff98226f000 	C:\WINDOWS\SYSTEM32\profapi.dll
0x00007ff971180000 - 0x00007ff971198000 	C:\Users\a\.jdks\openjdk-18.0.1.1\bin\zip.dll
0x00007ff975fe0000 - 0x00007ff975ff3000 	C:\Users\a\.jdks\openjdk-18.0.1.1\bin\net.dll
0x00007ff978a90000 - 0x00007ff978b9a000 	C:\WINDOWS\SYSTEM32\WINHTTP.dll
0x00007ff981a00000 - 0x00007ff981a6a000 	C:\WINDOWS\system32\mswsock.dll
0x00007ff975da0000 - 0x00007ff975db6000 	C:\Users\a\.jdks\openjdk-18.0.1.1\bin\nio.dll
0x00007ff96ee90000 - 0x00007ff96eeaa000 	C:\Program Files\JetBrains\IntelliJ IDEA Community Edition 2021.3.2\bin\breakgen64.dll
0x00007ff97ae50000 - 0x00007ff97ae60000 	C:\Users\a\.jdks\openjdk-18.0.1.1\bin\verify.dll
0x00007ff9816f0000 - 0x00007ff98172b000 	C:\WINDOWS\SYSTEM32\IPHLPAPI.DLL
0x00007ff982db0000 - 0x00007ff982db8000 	C:\WINDOWS\System32\NSI.dll
0x00007ff978850000 - 0x00007ff978867000 	C:\WINDOWS\SYSTEM32\dhcpcsvc6.DLL
0x00007ff978780000 - 0x00007ff97879d000 	C:\WINDOWS\SYSTEM32\dhcpcsvc.DLL
0x00007ff981730000 - 0x00007ff9817fb000 	C:\WINDOWS\SYSTEM32\DNSAPI.dll
0x00007ff978450000 - 0x00007ff97845a000 	C:\Windows\System32\rasadhlp.dll
0x00007ff978a10000 - 0x00007ff978a90000 	C:\WINDOWS\System32\fwpuclnt.dll
0x00007ff982310000 - 0x00007ff982337000 	C:\WINDOWS\System32\bcrypt.dll
0x00007ff96fdc0000 - 0x00007ff96fdc9000 	C:\Users\a\.jdks\openjdk-18.0.1.1\bin\management.dll
0x00007ff96f9a0000 - 0x00007ff96f9ab000 	C:\Users\a\.jdks\openjdk-18.0.1.1\bin\management_ext.dll
0x00007ff968690000 - 0x00007ff9686a7000 	C:\WINDOWS\system32\napinsp.dll
0x00007ff968360000 - 0x00007ff96837b000 	C:\WINDOWS\system32\pnrpnsp.dll
0x00007ff966510000 - 0x00007ff966525000 	C:\WINDOWS\system32\wshbth.dll
0x00007ff97d620000 - 0x00007ff97d63d000 	C:\WINDOWS\system32\NLAapi.dll
0x00007ff9663c0000 - 0x00007ff9663d2000 	C:\WINDOWS\System32\winrnr.dll
0x00007ff981c00000 - 0x00007ff981c18000 	C:\WINDOWS\SYSTEM32\CRYPTSP.dll
0x00007ff981380000 - 0x00007ff9813b4000 	C:\WINDOWS\system32\rsaenh.dll
0x00007ff9821c0000 - 0x00007ff9821ee000 	C:\WINDOWS\SYSTEM32\USERENV.dll
0x00007ff981bf0000 - 0x00007ff981bfc000 	C:\WINDOWS\SYSTEM32\CRYPTBASE.dll
0x00007ff96ee80000 - 0x00007ff96ee8e000 	C:\Users\a\.jdks\openjdk-18.0.1.1\bin\sunmscapi.dll
0x00007ff9826c0000 - 0x00007ff982816000 	C:\WINDOWS\System32\CRYPT32.dll
0x00007ff981d10000 - 0x00007ff981d37000 	C:\WINDOWS\SYSTEM32\ncrypt.dll
0x00007ff981cd0000 - 0x00007ff981d0b000 	C:\WINDOWS\SYSTEM32\NTASN1.dll

dbghelp: loaded successfully - version: 4.0.5 - missing functions: none
symbol engine: initialized successfully - sym options: 0x614 - pdb path: .;C:\Users\a\.jdks\openjdk-18.0.1.1\bin;C:\WINDOWS\SYSTEM32;C:\WINDOWS\WinSxS\amd64_microsoft.windows.common-controls_6595b64144ccf1df_6.0.19041.1110_none_60b5254171f9507e;C:\Users\a\.jdks\openjdk-18.0.1.1\bin\server;C:\Program Files\JetBrains\IntelliJ IDEA Community Edition 2021.3.2\bin

VM Arguments:
jvm_args: -javaagent:C:\Program Files\JetBrains\IntelliJ IDEA Community Edition 2021.3.2\lib\idea_rt.jar=64245:C:\Program Files\JetBrains\IntelliJ IDEA Community Edition 2021.3.2\bin -Dfile.encoding=UTF-8 
java_command: com.stackroute.SuggestionServiceApplication
java_class_path (initial): G:\niit\Project 1\carnivry\suggestion-service\target\classes;C:\Users\a\.m2\repository\org\springframework\boot\spring-boot-starter-data-neo4j\2.7.1\spring-boot-starter-data-neo4j-2.7.1.jar;C:\Users\a\.m2\repository\org\springframework\data\spring-data-neo4j\6.3.1\spring-data-neo4j-6.3.1.jar;C:\Users\a\.m2\repository\org\apiguardian\apiguardian-api\1.1.1\apiguardian-api-1.1.1.jar;C:\Users\a\.m2\repository\org\neo4j\neo4j-cypher-dsl\2022.4.0\neo4j-cypher-dsl-2022.4.0.jar;C:\Users\a\.m2\repository\org\springframework\spring-beans\5.3.21\spring-beans-5.3.21.jar;C:\Users\a\.m2\repository\org\springframework\spring-context\5.3.21\spring-context-5.3.21.jar;C:\Users\a\.m2\repository\org\springframework\spring-tx\5.3.21\spring-tx-5.3.21.jar;C:\Users\a\.m2\repository\org\springframework\data\spring-data-commons\2.7.1\spring-data-commons-2.7.1.jar;C:\Users\a\.m2\repository\org\slf4j\slf4j-api\1.7.36\slf4j-api-1.7.36.jar;C:\Users\a\.m2\repository\org\springframework\boot\spring-boot-starter-web\2.7.1\spring-boot-starter-web-2.7.1.jar;C:\Users\a\.m2\repository\org\springframework\boot\spring-boot-starter-json\2.7.1\spring-boot-starter-json-2.7.1.jar;C:\Users\a\.m2\repository\com\fasterxml\jackson\core\jackson-databind\2.13.3\jackson-databind-2.13.3.jar;C:\Users\a\.m2\repository\com\fasterxml\jackson\datatype\jackson-datatype-jdk8\2.13.3\jackson-datatype-jdk8-2.13.3.jar;C:\Users\a\.m2\repository\com\fasterxml\jackson\datatype\jackson-datatype-jsr310\2.13.3\jackson-datatype-jsr310-2.13.3.jar;C:\Users\a\.m2\repository\com\fasterxml\jackson\module\jackson-module-parameter-names\2.13.3\jackson-module-parameter-names-2.13.3.jar;C:\Users\a\.m2\repository\org\springframework\boot\spring-boot-starter-tomcat\2.7.1\spring-boot-starter-tomcat-2.7.1.jar;C:\Users\a\.m2\repository\org\apache\tomcat\embed\tomcat-embed-core\9.0.64\tomcat-embed-core-9.0.64.jar;C:\Users\a\.m2\repository\org\apache\tomcat\embed\tomcat-embed-websocket\9.0.64\tomcat-embed-websocket-9.0.64.jar;C:\Users\a\.m2\repository\org\springframework\spring-web\5.3.21\spring-web-5.3.21.jar;C:\Users\a\.m2\repository\org\springframework\spring-webmvc\5.3.21\spring-webmvc-5.3.21.jar;C:\Users\a\.m2\repository\org\springframework\spring-aop\5.3.21\spring-aop-5.3.21.jar;C:\Users\a\.m2\repository\org\springframework\spring-expression\5.3.21\spring-expression-5.3.21.jar;C:\Users\a\.m2\repository\org\projectlombok\lombok\1.18.24\lombok-1.18.24.jar;C:\Users\a\.m2\repository\org\springframework\spring-core\5.3.21\spring-core-5.3.21.jar;C:\Users\a\.m2\repository\org\springframework\spring-jcl\5.3.21\spring-jcl-5.3.21.jar;C:\Users\a\.m2\repository\org\neo4j\neo4j-ogm-bolt-driver\2.1.1\neo4j-ogm-bolt-driver-2.1.1.jar;C:\Users\a\.m2\repository\org\neo4j\neo4j-ogm-api\2.1.1\neo4j-ogm-api-2.1.1.jar;C:\Users\a\.m2\repository\commons-codec\commons-codec\1.15\commons-codec-1.15.jar;C:\Users\a\.m2\repository\org\neo4j\driver\neo4j-java-driver\4.4.6\neo4j-java-driver-4.4.6.jar;C:\Users\a\.m2\repository\org\reactivestreams\reactive-streams\1.0.4\reactive-streams-1.0.4.jar;C:\Users\a\.m2\repository\commons-io\commons-io\2.4\commons-io-2.4.jar;C:\Users\a\.m2\repository\org\mongodb\bson\4.6.1\bson-4.6.1.jar;C:\Users\a\.m2\repository\org\springframework\boot\spring-boot-starter\2.7.1\spring-boot-starter-2.7.1.jar;C:\Users\a\.m2\repository\org\springframework\boot\spring-boot\2.7.1\spring-boot-2.7.1.jar;C:\Users\a\.m2\repository\org\springframework\boot\spring-boot-autoconfigure\2.7.1\spring-boot-autoconfigure-2.7.1.jar;C:\Users\a\.m2\repository\org\springframework\boot\spring-boot-starter-logging\2.7.1\spring-boot-starter-logging-2.7.1.jar;C:\Users\a\.m2\repository\ch\qos\logback\logback-classic\1.2.11\logback-classic-1.2.11.jar;C:\Users\a\.m2\repository\ch\qos\logback\logback-core\1.2.11\logback-core-1.2.11.jar;C:\Users\a\.m2\repository\org\apache\logging\log4j\log4j-to-slf4j\2.17.2\log4j-to-slf4j-2.17.2.jar;C:\Users\a\.m2\repository\org\apache\logging\log4j\log4j-api\2.17.2\log4j-api-2.17.2.jar;C:\Users\a\.m2\repository\org\slf4j\jul-to-slf4j\1.7.36\jul-to-slf4j-1.7.36.jar;C:\Users\a\.m2\repository\jakarta\annotation\jakarta.annotation-api\1.3.5\jakarta.annotation-api-1.3.5.jar;C:\Users\a\.m2\repository\org\yaml\snakeyaml\1.30\snakeyaml-1.30.jar;C:\Users\a\.m2\repository\org\springframework\cloud\spring-cloud-starter-netflix-eureka-client\3.1.2\spring-cloud-starter-netflix-eureka-client-3.1.2.jar;C:\Users\a\.m2\repository\org\springframework\cloud\spring-cloud-starter\3.1.2\spring-cloud-starter-3.1.2.jar;C:\Users\a\.m2\repository\org\springframework\cloud\spring-cloud-context\3.1.2\spring-cloud-context-3.1.2.jar;C:\Users\a\.m2\repository\org\springframework\security\spring-security-crypto\5.7.2\spring-security-crypto-5.7.2.jar;C:\Users\a\.m2\repository\org\springframework\cloud\spring-cloud-commons\3.1.2\spring-cloud-commons-3.1.2.jar;C:\Users\a\.m2\repository\org\springframework\security\spring-security-rsa\1.0.10.RELEASE\spring-security-rsa-1.0.10.RELEASE.jar;C:\Users\a\.m2\repository\org\bouncycastle\bcpkix-jdk15on\1.68\bcpkix-jdk15on-1.68.jar;C:\Users\a\.m2\repository\org\bouncycastle\bcprov-jdk15on\1.68\bcprov-jdk15on-1.68.jar;C:\Users\a\.m2\repository\org\springframework\cloud\spring-cloud-netflix-eureka-client\3.1.2\spring-cloud-netflix-eureka-client-3.1.2.jar;C:\Users\a\.m2\repository\com\netflix\eureka\eureka-client\1.10.17\eureka-client-1.10.17.jar;C:\Users\a\.m2\repository\com\netflix\netflix-commons\netflix-eventbus\0.3.0\netflix-eventbus-0.3.0.jar;C:\Users\a\.m2\repository\com\netflix\netflix-commons\netflix-infix\0.3.0\netflix-infix-0.3.0.jar;C:\Users\a\.m2\repository\commons-jxpath\commons-jxpath\1.3\commons-jxpath-1.3.jar;C:\Users\a\.m2\repository\joda-time\joda-time\2.3\joda-time-2.3.jar;C:\Users\a\.m2\repository\javax\servlet\servlet-api\2.5\servlet-api-2.5.jar;C:\Users\a\.m2\repository\org\antlr\antlr-runtime\3.4\antlr-runtime-3.4.jar;C:\Users\a\.m2\repository\org\antlr\stringtemplate\3.2.1\stringtemplate-3.2.1.jar;C:\Users\a\.m2\repository\antlr\antlr\2.7.7\antlr-2.7.7.jar;C:\Users\a\.m2\repository\com\google\code\gson\gson\2.9.0\gson-2.9.0.jar;C:\Users\a\.m2\repository\org\apache\commons\commons-math\2.2\commons-math-2.2.jar;C:\Users\a\.m2\repository\com\thoughtworks\xstream\xstream\1.4.18\xstream-1.4.18.jar;C:\Users\a\.m2\repository\io\github\x-stream\mxparser\1.2.2\mxparser-1.2.2.jar;C:\Users\a\.m2\repository\xmlpull\xmlpull\1.1.3.1\xmlpull-1.1.3.1.jar;C:\Users\a\.m2\repository\com\netflix\archaius\archaius-core\0.7.6\archaius-core-0.7.6.jar;C:\Users\a\.m2\repository\com\google\guava\guava\16.0\guava-16.0.jar;C:\Users\a\.m2\repository\javax\ws\rs\jsr311-api\1.1.1\jsr311-api-1.1.1.jar;C:\Users\a\.m2\repository\com\netflix\servo\servo-core\0.12.21\servo-core-0.12.21.jar;C:\Users\a\.m2\repository\org\apache\httpcomponents\httpclient\4.5.13\httpclient-4.5.13.jar;C:\Users\a\.m2\repository\org\apache\httpcomponents\httpcore\4.4.15\httpcore-4.4.15.jar;C:\Users\a\.m2\repository\com\google\code\findbugs\jsr305\3.0.2\jsr305-3.0.2.jar;C:\Users\a\.m2\repository\commons-configuration\commons-configuration\1.10\commons-configuration-1.10.jar;C:\Users\a\.m2\repository\commons-lang\commons-lang\2.6\commons-lang-2.6.jar;C:\Users\a\.m2\repository\commons-logging\commons-logging\1.1.1\commons-logging-1.1.1.jar;C:\Users\a\.m2\repository\com\google\inject\guice\4.1.0\guice-4.1.0.jar;C:\Users\a\.m2\repository\javax\inject\javax.inject\1\javax.inject-1.jar;C:\Users\a\.m2\repository\com\github\vlsi\compactmap\compactmap\2.0\compactmap-2.0.jar;C:\Users\a\.m2\repository\com\github\andrewoma\dexx\dexx-collections\0.2\dexx-collections-0.2.jar;C:\Users\a\.m2\repository\com\fasterxml\jackson\core\jackson-annotations\2.13.3\jackson-annotations-2.13.3.jar;C:\Users\a\.m2\repository\com\fasterxml\jackson\core\jackson-core\2.13.3\jackson-core-2.13.3.jar;C:\Users\a\.m2\repository\org\codehaus\jettison\jettison\1.4.0\jettison-1.4.0.jar;C:\Users\a\.m2\repository\com\netflix\eureka\eureka-core\1.10.17\eureka-core-1.10.17.jar;C:\Users\a\.m2\repository\com\fasterxml\woodstox\woodstox-core\6.2.1\woodstox-core-6.2.1.jar;C:\Users\a\.m2\repository\org\codehaus\woodstox\stax2-api\4.2.1\stax2-api-4.2.1.jar;C:\Users\a\.m2\repository\org\springframework\cloud\spring-cloud-starter-loadbalancer\3.1.2\spring-cloud-starter-loadbalancer-3.1.2.jar;C:\Users\a\.m2\repository\org\springframework\cloud\spring-cloud-loadbalancer\3.1.2\spring-cloud-loadbalancer-3.1.2.jar;C:\Users\a\.m2\repository\io\projectreactor\reactor-core\3.4.19\reactor-core-3.4.19.jar;C:\Users\a\.m2\repository\io\projectreactor\addons\reactor-extra\3.4.8\reactor-extra-3.4.8.jar;C:\Users\a\.m2\repository\org\springframework\boot\spring-boot-starter-cache\2.7.1\spring-boot-starter-cache-2.7.1.jar;C:\Users\a\.m2\repository\org\springframework\spring-context-support\5.3.21\spring-context-support-5.3.21.jar;C:\Users\a\.m2\repository\com\stoyanr\evictor\1.0.0\evictor-1.0.0.jar;C:\Users\a\.m2\repository\org\springframework\boot\spring-boot-starter-amqp\2.7.1\spring-boot-starter-amqp-2.7.1.jar;C:\Users\a\.m2\repository\org\springframework\spring-messaging\5.3.21\spring-messaging-5.3.21.jar;C:\Users\a\.m2\repository\org\springframework\amqp\spring-rabbit\2.4.6\spring-rabbit-2.4.6.jar;C:\Users\a\.m2\repository\org\springframework\amqp\spring-amqp\2.4.6\spring-amqp-2.4.6.jar;C:\Users\a\.m2\repository\org\springframework\retry\spring-retry\1.3.3\spring-retry-1.3.3.jar;C:\Users\a\.m2\repository\com\rabbitmq\amqp-client\5.14.2\amqp-client-5.14.2.jar;C:\Users\a\.m2\repository\org\springframework\boot\spring-boot-starter-validation\2.7.1\spring-boot-starter-validation-2.7.1.jar;C:\Users\a\.m2\repository\org\apache\tomcat\embed\tomcat-embed-el\9.0.64\tomcat-embed-el-9.0.64.jar;C:\Users\a\.m2\repository\org\hibernate\validator\hibernate-validator\6.2.3.Final\hibernate-validator-6.2.3.Final.jar;C:\Users\a\.m2\repository\jakarta\validation\jakarta.validation-api\2.0.2\jakarta.validation-api-2.0.2.jar;C:\Users\a\.m2\repository\org\jboss\logging\jboss-logging\3.4.3.Final\jboss-logging-3.4.3.Final.jar;C:\Users\a\.m2\repository\com\fasterxml\classmate\1.5.1\classmate-1.5.1.jar
Launcher Type: SUN_STANDARD

[Global flags]
     intx CICompilerCount                          = 3                                         {product} {ergonomic}
     uint ConcGCThreads                            = 1                                         {product} {ergonomic}
     uint G1ConcRefinementThreads                  = 4                                         {product} {ergonomic}
   size_t G1HeapRegionSize                         = 1048576                                   {product} {ergonomic}
    uintx GCDrainStackTargetSize                   = 64                                        {product} {ergonomic}
   size_t InitialHeapSize                          = 132120576                                 {product} {ergonomic}
   size_t MarkStackSize                            = 4194304                                   {product} {ergonomic}
   size_t MaxHeapSize                              = 2111832064                                {product} {ergonomic}
   size_t MaxNewSize                               = 1266679808                                {product} {ergonomic}
   size_t MinHeapDeltaBytes                        = 1048576                                   {product} {ergonomic}
   size_t MinHeapSize                              = 8388608                                   {product} {ergonomic}
    uintx NonNMethodCodeHeapSize                   = 5832780                                {pd product} {ergonomic}
    uintx NonProfiledCodeHeapSize                  = 122912730                              {pd product} {ergonomic}
    uintx ProfiledCodeHeapSize                     = 122912730                              {pd product} {ergonomic}
    uintx ReservedCodeCacheSize                    = 251658240                              {pd product} {ergonomic}
     bool SegmentedCodeCache                       = true                                      {product} {ergonomic}
   size_t SoftMaxHeapSize                          = 2111832064                             {manageable} {ergonomic}
     bool UseCompressedClassPointers               = true                           {product lp64_product} {ergonomic}
     bool UseCompressedOops                        = true                           {product lp64_product} {ergonomic}
     bool UseG1GC                                  = true                                      {product} {ergonomic}
     bool UseLargePagesIndividualAllocation        = false                                  {pd product} {ergonomic}

Logging:
Log output configuration:
 #0: stdout all=warning uptime,level,tags foldmultilines=false
 #1: stderr all=off uptime,level,tags foldmultilines=false

Environment Variables:
JAVA_HOME=C:\Program Files\Java\jdk-11.0.15.1
PATH=C:\Program Files\Common Files\Oracle\Java\javapath;C:\ProgramData\Oracle\Java\javapath;C:\Program Files\Java\jdk1.8.0_131\bin;C:\Program Files (x86)\Intel\iCLS Client\;C:\Program Files\Intel\iCLS Client\;C:\WINDOWS\system32;C:\WINDOWS;C:\WINDOWS\System32\Wbem;C:\WINDOWS\System32\WindowsPowerShell\v1.0\;C:\Program Files (x86)\Intel\Intel(R) Management Engine Components\DAL;C:\Program Files\Intel\Intel(R) Management Engine Components\DAL;C:\Program Files (x86)\Intel\Intel(R) Management Engine Components\IPT;C:\Program Files\Intel\Intel(R) Management Engine Components\IPT;C:\WINDOWS\System32\OpenSSH\;C:\Program Files (x86)\Windows Live\Shared;C:\Program Files\Git\cmd;C:\apache-maven-3.8.5-bin\apache-maven-3.8.5\bin;C:\Program Files\MongoDB\Server\5.0\bin;C:\Program Files\MySQL\MySQL Router 8.0\bin;C:\Program Files\MySQL\MySQL Server 8.0\bin;C:\Program Files\MySQL\MySQL Shell 8.0\bin;C:\Program Files\neo4j-community-4.4.8-windows\bin;C:\Program Files\Java\jdk-11.0.15.1\bin;C:\Users\a\AppData\Roaming\nvm;C:\Program Files\nodejs;C:\Program Files\MySQL\MySQL Shell 8.0\bin\;C:\Users\a\AppData\Local\Microsoft\WindowsApps;C:\Users\a\AppData\Local\Programs\Microsoft VS Code\bin;C:\Users\a\AppData\Roaming\npm;C:\Users\a\AppData\Roaming\nvm;C:\Program Files\nodejs
USERNAME=a
OS=Windows_NT
PROCESSOR_IDENTIFIER=Intel64 Family 6 Model 78 Stepping 3, GenuineIntel



---------------  S Y S T E M  ---------------

OS:
 Windows 10 , 64 bit Build 19041 (10.0.19041.1806)
OS uptime: 0 days 1:19 hours

CPU: total 4 (initial active 4) (2 cores per cpu, 2 threads per core) family 6 model 78 stepping 3 microcode 0xcc, cx8, cmov, fxsr, ht, mmx, 3dnowpref, sse, sse2, sse3, ssse3, sse4.1, sse4.2, popcnt, lzcnt, tsc, tscinvbit, avx, avx2, aes, erms, clmul, bmi1, bmi2, adx, fma, vzeroupper, clflush, clflushopt

Memory: 4k page, system-wide physical 8049M (130M free)
TotalPageFile size 8049M (AvailPageFile size 7M)
current process WorkingSet (physical memory assigned to process): 165M, peak: 165M
current process commit charge ("private bytes"): 197M, peak: 258M

vm_info: OpenJDK 64-Bit Server VM (18.0.1.1+2-6) for windows-amd64 JRE (18.0.1.1+2-6), built on Apr 25 2022 21:50:56 by "mach5one" with MS VC++ 16.8 / 16.9 (VS2019)

END.
